execve("./asm-cat.asm", ["./asm-cat.asm"], 0x7ffef0b44930 /* 64 vars */) = -1 EACCES (Permission denied)
openat(AT_FDCWD, "/usr/share/locale/locale.alias", O_RDONLY|O_CLOEXEC) = 3
fstat(3, {st_mode=S_IFREG|0644, st_size=2995, ...}) = 0
read(3, "# Locale name alias data base.\n#"..., 4096) = 2995
read(3, "", 4096)                       = 0
close(3)                                = 0
openat(AT_FDCWD, "/usr/share/locale/en_US.UTF-8/LC_MESSAGES/libc.mo", O_RDONLY) = -1 ENOENT (No such file or directory)
openat(AT_FDCWD, "/usr/share/locale/en_US.utf8/LC_MESSAGES/libc.mo", O_RDONLY) = -1 ENOENT (No such file or directory)
openat(AT_FDCWD, "/usr/share/locale/en_US/LC_MESSAGES/libc.mo", O_RDONLY) = -1 ENOENT (No such file or directory)
openat(AT_FDCWD, "/usr/share/locale/en.UTF-8/LC_MESSAGES/libc.mo", O_RDONLY) = -1 ENOENT (No such file or directory)
openat(AT_FDCWD, "/usr/share/locale/en.utf8/LC_MESSAGES/libc.mo", O_RDONLY) = -1 ENOENT (No such file or directory)
openat(AT_FDCWD, "/usr/share/locale/en/LC_MESSAGES/libc.mo", O_RDONLY) = -1 ENOENT (No such file or directory)
openat(AT_FDCWD, "/usr/share/locale-langpack/en_US.UTF-8/LC_MESSAGES/libc.mo", O_RDONLY) = -1 ENOENT (No such file or directory)
openat(AT_FDCWD, "/usr/share/locale-langpack/en_US.utf8/LC_MESSAGES/libc.mo", O_RDONLY) = -1 ENOENT (No such file or directory)
openat(AT_FDCWD, "/usr/share/locale-langpack/en_US/LC_MESSAGES/libc.mo", O_RDONLY) = -1 ENOENT (No such file or directory)
openat(AT_FDCWD, "/usr/share/locale-langpack/en.UTF-8/LC_MESSAGES/libc.mo", O_RDONLY) = -1 ENOENT (No such file or directory)
openat(AT_FDCWD, "/usr/share/locale-langpack/en.utf8/LC_MESSAGES/libc.mo", O_RDONLY) = -1 ENOENT (No such file or directory)
openat(AT_FDCWD, "/usr/share/locale-langpack/en/LC_MESSAGES/libc.mo", O_RDONLY) = -1 ENOENT (No such file or directory)
fstat(2, {st_mode=S_IFREG|0664, st_size=1842, ...}) = 0
write(2, "strace: exec: Permission denied\n", 32strace: exec: Permission denied
) = 32
getpid()                                = 4707
exit_group(1)                           = ?
+++ exited with 1 +++
